Using pre-set license
Built from '2021.3/china_unity/release' branch; Version is '2021.3.8f1c1 (c20728c1e961) revision 12715816'; Using compiler version '192829333'; Build Type 'Release'
OS: 'Windows 11  (10.0.22621) 64bit CoreCountrySpecific' Language: 'zh' Physical Memory: 16055 MB
BatchMode: 1, IsHumanControllingUs: 0, StartBugReporterOnCrash: 0, Is64bit: 1, IsPro: 1

COMMAND LINE ARGUMENTS:
D:\Software\Unity\2021.3.8f1c1\Editor\Unity.exe
-adb2
-batchMode
-noUpm
-name
AssetImportWorker2
-projectPath
D:/UnitySpace/GithubProject/PokemonProject
-logFile
Logs/AssetImportWorker2.log
-srvPort
61513
Successfully changed project path to: D:/UnitySpace/GithubProject/PokemonProject
D:/UnitySpace/GithubProject/PokemonProject
[UnityMemory] Configuration Parameters - Can be set up in boot.config
    "memorysetup-bucket-allocator-granularity=16"
    "memorysetup-bucket-allocator-bucket-count=8"
    "memorysetup-bucket-allocator-block-size=33554432"
    "memorysetup-bucket-allocator-block-count=8"
    "memorysetup-main-allocator-block-size=16777216"
    "memorysetup-thread-allocator-block-size=16777216"
    "memorysetup-gfx-main-allocator-block-size=16777216"
    "memorysetup-gfx-thread-allocator-block-size=16777216"
    "memorysetup-cache-allocator-block-size=4194304"
    "memorysetup-typetree-allocator-block-size=2097152"
    "memorysetup-profiler-bucket-allocator-granularity=16"
    "memorysetup-profiler-bucket-allocator-bucket-count=8"
    "memorysetup-profiler-bucket-allocator-block-size=33554432"
    "memorysetup-profiler-bucket-allocator-block-count=8"
    "memorysetup-profiler-allocator-block-size=16777216"
    "memorysetup-profiler-editor-allocator-block-size=1048576"
    "memorysetup-temp-allocator-size-main=16777216"
    "memorysetup-job-temp-allocator-block-size=2097152"
    "memorysetup-job-temp-allocator-block-size-background=1048576"
    "memorysetup-job-temp-allocator-reduction-small-platforms=262144"
    "memorysetup-temp-allocator-size-background-worker=32768"
    "memorysetup-temp-allocator-size-job-worker=262144"
    "memorysetup-temp-allocator-size-preload-manager=33554432"
    "memorysetup-temp-allocator-size-nav-mesh-worker=65536"
    "memorysetup-temp-allocator-size-audio-worker=65536"
    "memorysetup-temp-allocator-size-cloud-worker=32768"
    "memorysetup-temp-allocator-size-gi-baking-worker=262144"
    "memorysetup-temp-allocator-size-gfx=262144"
AS: AutoStreaming module initializing.
Refreshing native plugins compatible for Editor in 68.73 ms, found 4 plugins.
Preloading 0 native plugins for Editor in 0.00 ms.
Initialize engine version: 2021.3.8f1c1 (c20728c1e961)
[Subsystems] Discovering subsystems at path D:/Software/Unity/2021.3.8f1c1/Editor/Data/Resources/UnitySubsystems
[Subsystems] Discovering subsystems at path D:/UnitySpace/GithubProject/PokemonProject/Assets
GfxDevice: creating device client; threaded=0; jobified=0
Direct3D:
    Version:  Direct3D 11.0 [level 11.1]
    Renderer: NVIDIA GeForce RTX 3050 Laptop GPU (ID=0x25e2)
    Vendor:   NVIDIA
    VRAM:     3977 MB
    Driver:   31.0.15.2879
Initialize mono
Mono path[0] = 'D:/Software/Unity/2021.3.8f1c1/Editor/Data/Managed'
Mono path[1] = 'D:/Software/Unity/2021.3.8f1c1/Editor/Data/MonoBleedingEdge/lib/mono/unityjit-win32'
Mono config path = 'D:/Software/Unity/2021.3.8f1c1/Editor/Data/MonoBleedingEdge/etc'
Using monoOptions --debugger-agent=transport=dt_socket,embedding=1,server=y,suspend=n,address=127.0.0.1:56372
Begin MonoManager ReloadAssembly
Registering precompiled unity dll's ...
Register platform support module: D:/Software/Unity/2021.3.8f1c1/Editor/Data/PlaybackEngines/WindowsStandaloneSupport/UnityEditor.WindowsStandalone.Extensions.dll
Registered in 0.001477 seconds.
Native extension for WindowsStandalone target not found
Refreshing native plugins compatible for Editor in 64.13 ms, found 4 plugins.
Preloading 0 native plugins for Editor in 0.00 ms.
Mono: successfully reloaded assembly
- Completed reload, in  0.406 seconds
Domain Reload Profiling:
	ReloadAssembly (406ms)
		BeginReloadAssembly (46ms)
			ExecutionOrderSort (0ms)
			DisableScriptedObjects (0ms)
			BackupInstance (0ms)
			ReleaseScriptingObjects (0ms)
			CreateAndSetChildDomain (1ms)
		EndReloadAssembly (291ms)
			LoadAssemblies (44ms)
			RebuildTransferFunctionScriptingTraits (0ms)
			SetupTypeCache (61ms)
			ReleaseScriptCaches (0ms)
			RebuildScriptCaches (20ms)
			SetupLoadedEditorAssemblies (176ms)
				LogAssemblyErrors (0ms)
				InitializePlatformSupportModulesInManaged (4ms)
				SetLoadedEditorAssemblies (0ms)
				RefreshPlugins (64ms)
				BeforeProcessingInitializeOnLoad (1ms)
				ProcessInitializeOnLoadAttributes (79ms)
				ProcessInitializeOnLoadMethodAttributes (27ms)
				AfterProcessingInitializeOnLoad (0ms)
				EditorAssembliesLoaded (0ms)
			ExecutionOrderSort2 (0ms)
			AwakeInstancesAfterBackupRestoration (0ms)
Platform modules already initialized, skipping
Registering precompiled user dll's ...
Registered in 0.009847 seconds.
Begin MonoManager ReloadAssembly
Symbol file LoadedFromMemory doesn't match image D:\UnitySpace\GithubProject\PokemonProject\Library\PackageCache\com.unity.visualscripting@1.7.8\Editor\VisualScripting.Core\Dependencies\YamlDotNet\Unity.VisualScripting.YamlDotNet.dll
Symbol file LoadedFromMemory doesn't match image D:\UnitySpace\GithubProject\PokemonProject\Library\PackageCache\com.unity.visualscripting@1.7.8\Editor\VisualScripting.Core\Dependencies\DotNetZip\Unity.VisualScripting.IonicZip.dll
Native extension for WindowsStandalone target not found
Refreshing native plugins compatible for Editor in 66.26 ms, found 4 plugins.
Preloading 0 native plugins for Editor in 0.00 ms.
Mono: successfully reloaded assembly
- Completed reload, in  0.737 seconds
Domain Reload Profiling:
	ReloadAssembly (737ms)
		BeginReloadAssembly (71ms)
			ExecutionOrderSort (0ms)
			DisableScriptedObjects (4ms)
			BackupInstance (0ms)
			ReleaseScriptingObjects (0ms)
			CreateAndSetChildDomain (13ms)
		EndReloadAssembly (592ms)
			LoadAssemblies (57ms)
			RebuildTransferFunctionScriptingTraits (0ms)
			SetupTypeCache (147ms)
			ReleaseScriptCaches (0ms)
			RebuildScriptCaches (37ms)
			SetupLoadedEditorAssemblies (319ms)
				LogAssemblyErrors (0ms)
				InitializePlatformSupportModulesInManaged (2ms)
				SetLoadedEditorAssemblies (1ms)
				RefreshPlugins (66ms)
				BeforeProcessingInitializeOnLoad (59ms)
				ProcessInitializeOnLoadAttributes (157ms)
				ProcessInitializeOnLoadMethodAttributes (30ms)
				AfterProcessingInitializeOnLoad (4ms)
				EditorAssembliesLoaded (0ms)
			ExecutionOrderSort2 (0ms)
			AwakeInstancesAfterBackupRestoration (4ms)
Platform modules already initialized, skipping
========================================================================
Worker process is ready to serve import requests
Launched and connected shader compiler UnityShaderCompiler.exe after 0.13 seconds
Refreshing native plugins compatible for Editor in 0.65 ms, found 4 plugins.
Preloading 0 native plugins for Editor in 0.00 ms.
Unloading 4140 Unused Serialized files (Serialized files now loaded: 0)
Unloading 46 unused Assets / (222.8 KB). Loaded Objects now: 4611.
Memory consumption went from 167.2 MB to 167.0 MB.
Total: 2.592500 ms (FindLiveObjects: 0.223100 ms CreateObjectMapping: 0.118400 ms MarkObjects: 2.108900 ms  DeleteObjects: 0.141400 ms)

AssetImportParameters requested are different than current active one (requested -> active):
  custom:video-decoder-ogg-theora: a1e56fd34408186e4bbccfd4996cb3dc -> 
  custom:container-muxer-webm: aa71ff27fc2769a1b78a27578f13a17b -> 
  custom:container-demuxer-webm: 4f35f7cbe854078d1ac9338744f61a02 -> 
  custom:video-encoder-webm-vp8: eb34c28f22e8b96e1ab97ce403110664 -> 
  custom:video-codec-MediaFoundation-h265: 746d11721c4dcdbdad8f713fa42b33f4 -> 
  custom:audio-encoder-webm-vorbis: bf7c407c2cedff20999df2af8eb42d56 -> 
  custom:framework-win-MediaFoundation: 216162199b28c13a410421893ffa2e32 -> 
  custom:container-demuxer-ogg: 62fdf1f143b41e24485cea50d1cbac27 -> 
  custom:video-decoder-webm-vp8: 9c59270c3fd7afecdb556c50c9e8de78 -> 
  custom:audio-decoder-ogg-vorbis: bf7c407c2cedff20999df2af8eb42d56 -> 
========================================================================
Received Import Request.
  Time since last request: 100275.757831 seconds.
  path: Assets/Art/Trianers/Brendan_Back.png
  artifactKey: Guid(a5aba41cee3d80e49aef5dd30692bf6c) Importer(815301076,1909f56bfc062723c751e8b465ee728b)
Start importing Assets/Art/Trianers/Brendan_Back.png using Guid(a5aba41cee3d80e49aef5dd30692bf6c) Importer(815301076,1909f56bfc062723c751e8b465ee728b)  -> (artifact id: '622759e8793b911fc13c7f9ab91e9475') in 0.087865 seconds 
========================================================================
Received Import Request.
  Time since last request: 22.419599 seconds.
  path: Assets/Resources/Items/Pokeball/Pokeball 1.asset
  artifactKey: Guid(4c790a28e7d8a1f4e9c2c5c7f46f23de) Importer(815301076,1909f56bfc062723c751e8b465ee728b)
Start importing Assets/Resources/Items/Pokeball/Pokeball 1.asset using Guid(4c790a28e7d8a1f4e9c2c5c7f46f23de) Importer(815301076,1909f56bfc062723c751e8b465ee728b)  -> (artifact id: 'a60ae4f98a00c6e373fe14bd1ee602ba') in 0.005632 seconds 
========================================================================
Received Import Request.
  Time since last request: 25.832428 seconds.
  path: Assets/Resources/Items/Pokeball/Greatball.asset
  artifactKey: Guid(4c790a28e7d8a1f4e9c2c5c7f46f23de) Importer(815301076,1909f56bfc062723c751e8b465ee728b)
Start importing Assets/Resources/Items/Pokeball/Greatball.asset using Guid(4c790a28e7d8a1f4e9c2c5c7f46f23de) Importer(815301076,1909f56bfc062723c751e8b465ee728b)  -> (artifact id: '9d33330e1db2e8a1d99451a9402940ea') in 0.001970 seconds 
========================================================================
Received Prepare
Registering precompiled user dll's ...
Registered in 0.013534 seconds.
Begin MonoManager ReloadAssembly
Symbol file LoadedFromMemory doesn't match image D:\UnitySpace\GithubProject\PokemonProject\Library\PackageCache\com.unity.visualscripting@1.7.8\Editor\VisualScripting.Core\Dependencies\YamlDotNet\Unity.VisualScripting.YamlDotNet.dll
Symbol file LoadedFromMemory doesn't match image D:\UnitySpace\GithubProject\PokemonProject\Library\PackageCache\com.unity.visualscripting@1.7.8\Editor\VisualScripting.Core\Dependencies\DotNetZip\Unity.VisualScripting.IonicZip.dll
Native extension for WindowsStandalone target not found
Refreshing native plugins compatible for Editor in 0.65 ms, found 4 plugins.
Preloading 0 native plugins for Editor in 0.00 ms.
Mono: successfully reloaded assembly
- Completed reload, in  0.683 seconds
Domain Reload Profiling:
	ReloadAssembly (684ms)
		BeginReloadAssembly (98ms)
			ExecutionOrderSort (0ms)
			DisableScriptedObjects (5ms)
			BackupInstance (0ms)
			ReleaseScriptingObjects (0ms)
			CreateAndSetChildDomain (28ms)
		EndReloadAssembly (511ms)
			LoadAssemblies (66ms)
			RebuildTransferFunctionScriptingTraits (0ms)
			SetupTypeCache (156ms)
			ReleaseScriptCaches (1ms)
			RebuildScriptCaches (33ms)
			SetupLoadedEditorAssemblies (221ms)
				LogAssemblyErrors (0ms)
				InitializePlatformSupportModulesInManaged (8ms)
				SetLoadedEditorAssemblies (0ms)
				RefreshPlugins (1ms)
				BeforeProcessingInitializeOnLoad (47ms)
				ProcessInitializeOnLoadAttributes (131ms)
				ProcessInitializeOnLoadMethodAttributes (26ms)
				AfterProcessingInitializeOnLoad (7ms)
				EditorAssembliesLoaded (0ms)
			ExecutionOrderSort2 (0ms)
			AwakeInstancesAfterBackupRestoration (9ms)
Platform modules already initialized, skipping
Refreshing native plugins compatible for Editor in 2.30 ms, found 4 plugins.
Preloading 0 native plugins for Editor in 0.00 ms.
Unloading 4122 Unused Serialized files (Serialized files now loaded: 0)
Unloading 33 unused Assets / (190.4 KB). Loaded Objects now: 4620.
Memory consumption went from 170.2 MB to 170.1 MB.
Total: 2.862600 ms (FindLiveObjects: 0.182300 ms CreateObjectMapping: 0.096900 ms MarkObjects: 2.470100 ms  DeleteObjects: 0.112200 ms)

AssetImportParameters requested are different than current active one (requested -> active):
  custom:video-decoder-ogg-theora: a1e56fd34408186e4bbccfd4996cb3dc -> 
  custom:container-muxer-webm: aa71ff27fc2769a1b78a27578f13a17b -> 
  custom:container-demuxer-webm: 4f35f7cbe854078d1ac9338744f61a02 -> 
  custom:video-encoder-webm-vp8: eb34c28f22e8b96e1ab97ce403110664 -> 
  custom:video-codec-MediaFoundation-h265: 746d11721c4dcdbdad8f713fa42b33f4 -> 
  custom:audio-encoder-webm-vorbis: bf7c407c2cedff20999df2af8eb42d56 -> 
  custom:framework-win-MediaFoundation: 216162199b28c13a410421893ffa2e32 -> 
  custom:container-demuxer-ogg: 62fdf1f143b41e24485cea50d1cbac27 -> 
  custom:video-decoder-webm-vp8: 9c59270c3fd7afecdb556c50c9e8de78 -> 
  custom:audio-decoder-ogg-vorbis: bf7c407c2cedff20999df2af8eb42d56 -> 
========================================================================
Received Import Request.
  Time since last request: 323.553397 seconds.
  path: Assets/Resources/Items/Pokeball/Greatball.asset
  artifactKey: Guid(4c790a28e7d8a1f4e9c2c5c7f46f23de) Importer(815301076,1909f56bfc062723c751e8b465ee728b)
Start importing Assets/Resources/Items/Pokeball/Greatball.asset using Guid(4c790a28e7d8a1f4e9c2c5c7f46f23de) Importer(815301076,1909f56bfc062723c751e8b465ee728b)  -> (artifact id: 'fbc9a454f81d517d302150c04b744869') in 0.013553 seconds 
========================================================================
Received Import Request.
  Time since last request: 59.474089 seconds.
  path: Assets/Resources/Pokemons
  artifactKey: Guid(ed4672486b4353c46bcdfcd545708e3a) Importer(815301076,1909f56bfc062723c751e8b465ee728b)
Start importing Assets/Resources/Pokemons using Guid(ed4672486b4353c46bcdfcd545708e3a) Importer(815301076,1909f56bfc062723c751e8b465ee728b)  -> (artifact id: '10ff485f8c5308af44a2d8a1ae673bab') in 0.001321 seconds 
========================================================================
Received Import Request.
  Time since last request: 12.085583 seconds.
  path: Assets/UI Toolkit/PanelSettings.asset
  artifactKey: Guid(1b83921a388bc6545b25574191c4443e) Importer(815301076,1909f56bfc062723c751e8b465ee728b)
Start importing Assets/UI Toolkit/PanelSettings.asset using Guid(1b83921a388bc6545b25574191c4443e) Importer(815301076,1909f56bfc062723c751e8b465ee728b)  -> (artifact id: 'b817a85f016c6b358b07c0dc5b99882d') in 0.052569 seconds 
========================================================================
Received Import Request.
  Time since last request: 0.444323 seconds.
  path: Assets/Tiles/Background.prefab
  artifactKey: Guid(ade99c5440e8dff4d9e198e95d21464d) Importer(815301076,1909f56bfc062723c751e8b465ee728b)
Start importing Assets/Tiles/Background.prefab using Guid(ade99c5440e8dff4d9e198e95d21464d) Importer(815301076,1909f56bfc062723c751e8b465ee728b)  -> (artifact id: '10a5b734e4194905ac55a5a0e40d5e81') in 0.110539 seconds 
========================================================================
Received Import Request.
  Time since last request: 0.000019 seconds.
  path: Assets/Tiles/Inner_17.asset
  artifactKey: Guid(1da8fbb8647858b49a8656f6dde3e245) Importer(815301076,1909f56bfc062723c751e8b465ee728b)
Start importing Assets/Tiles/Inner_17.asset using Guid(1da8fbb8647858b49a8656f6dde3e245) Importer(815301076,1909f56bfc062723c751e8b465ee728b)  -> (artifact id: 'dffb6add4817a9df2c3a247b670a58f0') in 0.021699 seconds 
========================================================================
Received Import Request.
  Time since last request: 0.000029 seconds.
  path: Assets/Tiles/Inner_8.asset
  artifactKey: Guid(80df1830d966ab348a0bec1fd4ebd527) Importer(815301076,1909f56bfc062723c751e8b465ee728b)
Start importing Assets/Tiles/Inner_8.asset using Guid(80df1830d966ab348a0bec1fd4ebd527) Importer(815301076,1909f56bfc062723c751e8b465ee728b)  -> (artifact id: '992702f38d4206cfc5b236f14e08e47d') in 0.010173 seconds 
========================================================================
Received Import Request.
  Time since last request: 0.000023 seconds.
  path: Assets/Tiles/Inner_7.asset
  artifactKey: Guid(aae3f03be555e084784e956285993332) Importer(815301076,1909f56bfc062723c751e8b465ee728b)
Start importing Assets/Tiles/Inner_7.asset using Guid(aae3f03be555e084784e956285993332) Importer(815301076,1909f56bfc062723c751e8b465ee728b)  -> (artifact id: '682f518836e8859144ea49f3f742a7e2') in 0.007744 seconds 
========================================================================
Received Import Request.
  Time since last request: 0.000027 seconds.
  path: Assets/Tiles/Inner_6.asset
  artifactKey: Guid(a381c46eb6b8d5e4fa37f8634bb24ba5) Importer(815301076,1909f56bfc062723c751e8b465ee728b)
Start importing Assets/Tiles/Inner_6.asset using Guid(a381c46eb6b8d5e4fa37f8634bb24ba5) Importer(815301076,1909f56bfc062723c751e8b465ee728b)  -> (artifact id: '632e7248fca8171c8a11b1073cff248f') in 0.012663 seconds 
========================================================================
Received Import Request.
  Time since last request: 0.000029 seconds.
  path: Assets/Tiles/basic_colors_2.asset
  artifactKey: Guid(8b47a3c0d32a6a049a41be69d67a8a9a) Importer(815301076,1909f56bfc062723c751e8b465ee728b)
Start importing Assets/Tiles/basic_colors_2.asset using Guid(8b47a3c0d32a6a049a41be69d67a8a9a) Importer(815301076,1909f56bfc062723c751e8b465ee728b)  -> (artifact id: '76d04f04309daaa031fe0f8c38b09925') in 0.010723 seconds 
========================================================================
Received Import Request.
  Time since last request: 0.000019 seconds.
  path: Assets/Tiles/Inner_11.asset
  artifactKey: Guid(2eb4aa4536c75f14699918972f538806) Importer(815301076,1909f56bfc062723c751e8b465ee728b)
Start importing Assets/Tiles/Inner_11.asset using Guid(2eb4aa4536c75f14699918972f538806) Importer(815301076,1909f56bfc062723c751e8b465ee728b)  -> (artifact id: '75f43bb2af0ab14915539cc1d7ea0acd') in 0.010111 seconds 
========================================================================
Received Import Request.
  Time since last request: 0.000021 seconds.
  path: Assets/Tiles/Inner_3.asset
  artifactKey: Guid(6dc2c2ec88253b540a020d6c0c8e284c) Importer(815301076,1909f56bfc062723c751e8b465ee728b)
Start importing Assets/Tiles/Inner_3.asset using Guid(6dc2c2ec88253b540a020d6c0c8e284c) Importer(815301076,1909f56bfc062723c751e8b465ee728b)  -> (artifact id: 'ec36ecfbe4a83a9cbf8a8acf505ce0eb') in 0.011086 seconds 
========================================================================
Received Import Request.
  Time since last request: 0.000023 seconds.
  path: Assets/Tiles/Inner_12.asset
  artifactKey: Guid(2501d436b2bbae443b51b13f16f1c9b8) Importer(815301076,1909f56bfc062723c751e8b465ee728b)
Start importing Assets/Tiles/Inner_12.asset using Guid(2501d436b2bbae443b51b13f16f1c9b8) Importer(815301076,1909f56bfc062723c751e8b465ee728b)  -> (artifact id: '7ab6a2f785aaaaab6f42096c5e6fc301') in 0.006897 seconds 
========================================================================
Received Import Request.
  Time since last request: 0.000023 seconds.
  path: Assets/Tiles/Inner_2.asset
  artifactKey: Guid(c44cc3632ae6700438fbf6c30f7a94c8) Importer(815301076,1909f56bfc062723c751e8b465ee728b)
Start importing Assets/Tiles/Inner_2.asset using Guid(c44cc3632ae6700438fbf6c30f7a94c8) Importer(815301076,1909f56bfc062723c751e8b465ee728b)  -> (artifact id: '30c6de4aba2cf7735bd1ad094d061830') in 0.008833 seconds 
========================================================================
Received Import Request.
  Time since last request: 0.000025 seconds.
  path: Assets/Tiles/Inner_14.asset
  artifactKey: Guid(6c91739e84f2df54d95178eb29c3bba8) Importer(815301076,1909f56bfc062723c751e8b465ee728b)
Start importing Assets/Tiles/Inner_14.asset using Guid(6c91739e84f2df54d95178eb29c3bba8) Importer(815301076,1909f56bfc062723c751e8b465ee728b)  -> (artifact id: '0ccc9e1a4e62a83c8e028fc574de8833') in 0.007974 seconds 
========================================================================
Received Import Request.
  Time since last request: 0.000024 seconds.
  path: Assets/Tiles/Inner_10.asset
  artifactKey: Guid(2a6a8302c6bf56f4d9d3693fbca5e918) Importer(815301076,1909f56bfc062723c751e8b465ee728b)
Start importing Assets/Tiles/Inner_10.asset using Guid(2a6a8302c6bf56f4d9d3693fbca5e918) Importer(815301076,1909f56bfc062723c751e8b465ee728b)  -> (artifact id: 'bd050a2133e33b1e6071120ea8018f3f') in 0.007774 seconds 
========================================================================
Received Import Request.
  Time since last request: 1.789236 seconds.
  path: Assets/Tiles/Inner_18.asset
  artifactKey: Guid(e04669a8d8973c948b5f087451dc6b89) Importer(815301076,1909f56bfc062723c751e8b465ee728b)
Start importing Assets/Tiles/Inner_18.asset using Guid(e04669a8d8973c948b5f087451dc6b89) Importer(815301076,1909f56bfc062723c751e8b465ee728b)  -> (artifact id: '1f4f8c83fc2bb6c45ce808d2c82627b7') in 0.011549 seconds 
========================================================================
Received Import Request.
  Time since last request: 0.000014 seconds.
  path: Assets/Tiles/Inner_20.asset
  artifactKey: Guid(6aa4c018ff2fb5845a369df932bcb89d) Importer(815301076,1909f56bfc062723c751e8b465ee728b)
Start importing Assets/Tiles/Inner_20.asset using Guid(6aa4c018ff2fb5845a369df932bcb89d) Importer(815301076,1909f56bfc062723c751e8b465ee728b)  -> (artifact id: '962af0258966cb5f07cd438121977559') in 0.008879 seconds 
========================================================================
Received Import Request.
  Time since last request: 0.000020 seconds.
  path: Assets/Tiles/Inner_22.asset
  artifactKey: Guid(3748c72afed58ad49b5f20703e33f79c) Importer(815301076,1909f56bfc062723c751e8b465ee728b)
Start importing Assets/Tiles/Inner_22.asset using Guid(3748c72afed58ad49b5f20703e33f79c) Importer(815301076,1909f56bfc062723c751e8b465ee728b)  -> (artifact id: 'bc06a86b37125e072f380970203d6cd1') in 0.009475 seconds 
========================================================================
Received Import Request.
  Time since last request: 0.000020 seconds.
  path: Assets/Tiles/Inner_24.asset
  artifactKey: Guid(3e55c0c53c651164ca2450d59a40be1f) Importer(815301076,1909f56bfc062723c751e8b465ee728b)
Start importing Assets/Tiles/Inner_24.asset using Guid(3e55c0c53c651164ca2450d59a40be1f) Importer(815301076,1909f56bfc062723c751e8b465ee728b)  -> (artifact id: '227417761cb1cd0cc57690fa94cb8e3a') in 0.005702 seconds 
========================================================================
Received Import Request.
  Time since last request: 6.711057 seconds.
  path: Assets/Art/Pokemons
  artifactKey: Guid(b34f9de7607024d49bf528960093e228) Importer(815301076,1909f56bfc062723c751e8b465ee728b)
Start importing Assets/Art/Pokemons using Guid(b34f9de7607024d49bf528960093e228) Importer(815301076,1909f56bfc062723c751e8b465ee728b)  -> (artifact id: '9e91b59ba765a16dafad903a7ef77c36') in 0.000989 seconds 
========================================================================
Received Import Request.
  Time since last request: 17.650762 seconds.
  path: Assets/Game/UI/UI Canvas.prefab
  artifactKey: Guid(9b53b4f9d6f0c8442a3425bfc757a1d2) Importer(815301076,1909f56bfc062723c751e8b465ee728b)
Start importing Assets/Game/UI/UI Canvas.prefab using Guid(9b53b4f9d6f0c8442a3425bfc757a1d2) Importer(815301076,1909f56bfc062723c751e8b465ee728b)  -> (artifact id: '093e634082d552f3e16c0bffe52b5c49') in 0.021096 seconds 
========================================================================
Received Import Request.
  Time since last request: 4.682994 seconds.
  path: Assets/Game/UI/InventoryUI.prefab
  artifactKey: Guid(65a78532aed921b4491db0aaa3bd9394) Importer(815301076,1909f56bfc062723c751e8b465ee728b)
Start importing Assets/Game/UI/InventoryUI.prefab using Guid(65a78532aed921b4491db0aaa3bd9394) Importer(815301076,1909f56bfc062723c751e8b465ee728b)  -> (artifact id: 'e67aa24c4d070394d468bf6aee7fc0f2') in 0.007088 seconds 
========================================================================
Received Import Request.
  Time since last request: 0.143529 seconds.
  path: Assets/Game/UI/UI Canvas.prefab
  artifactKey: Guid(9b53b4f9d6f0c8442a3425bfc757a1d2) Importer(815301076,1909f56bfc062723c751e8b465ee728b)
Start importing Assets/Game/UI/UI Canvas.prefab using Guid(9b53b4f9d6f0c8442a3425bfc757a1d2) Importer(815301076,1909f56bfc062723c751e8b465ee728b)  -> (artifact id: '1dc6da778399dc611c492ce499d93207') in 0.008710 seconds 
========================================================================
Received Import Request.
  Time since last request: 1234.339339 seconds.
  path: Assets/Game/UI/InventoryUI.prefab
  artifactKey: Guid(65a78532aed921b4491db0aaa3bd9394) Importer(815301076,1909f56bfc062723c751e8b465ee728b)
Start importing Assets/Game/UI/InventoryUI.prefab using Guid(65a78532aed921b4491db0aaa3bd9394) Importer(815301076,1909f56bfc062723c751e8b465ee728b)  -> (artifact id: '1920e87ba465096d6360586d72bd6e3d') in 0.010855 seconds 
========================================================================
Received Import Request.
  Time since last request: 2.086005 seconds.
  path: Assets/Game/UI/InventoryUI.prefab
  artifactKey: Guid(65a78532aed921b4491db0aaa3bd9394) Importer(815301076,1909f56bfc062723c751e8b465ee728b)
Start importing Assets/Game/UI/InventoryUI.prefab using Guid(65a78532aed921b4491db0aaa3bd9394) Importer(815301076,1909f56bfc062723c751e8b465ee728b)  -> (artifact id: '5870f84ac7542054a6155d2fef5f3e96') in 0.007622 seconds 
========================================================================
Received Import Request.
  Time since last request: 8.456870 seconds.
  path: Assets/Game/UI/InventoryUI.prefab
  artifactKey: Guid(65a78532aed921b4491db0aaa3bd9394) Importer(815301076,1909f56bfc062723c751e8b465ee728b)
Start importing Assets/Game/UI/InventoryUI.prefab using Guid(65a78532aed921b4491db0aaa3bd9394) Importer(815301076,1909f56bfc062723c751e8b465ee728b)  -> (artifact id: 'dabfe6cc0b33e0e819b1609fceaf5ee4') in 0.006521 seconds 
========================================================================
Received Import Request.
  Time since last request: 7.445311 seconds.
  path: Assets/Game/UI/InventoryUI.prefab
  artifactKey: Guid(65a78532aed921b4491db0aaa3bd9394) Importer(815301076,1909f56bfc062723c751e8b465ee728b)
Start importing Assets/Game/UI/InventoryUI.prefab using Guid(65a78532aed921b4491db0aaa3bd9394) Importer(815301076,1909f56bfc062723c751e8b465ee728b)  -> (artifact id: 'abb67cb6c3860b3f3af6a509c3898b68') in 0.006952 seconds 
========================================================================
Received Import Request.
  Time since last request: 35.315632 seconds.
  path: Assets/Game/UI/InventoryUI.prefab
  artifactKey: Guid(65a78532aed921b4491db0aaa3bd9394) Importer(815301076,1909f56bfc062723c751e8b465ee728b)
Start importing Assets/Game/UI/InventoryUI.prefab using Guid(65a78532aed921b4491db0aaa3bd9394) Importer(815301076,1909f56bfc062723c751e8b465ee728b)  -> (artifact id: 'f93bee279bf036c184655d816eaab699') in 0.006063 seconds 
========================================================================
Received Import Request.
  Time since last request: 2.401704 seconds.
  path: Assets/Game/UI/InventoryUI.prefab
  artifactKey: Guid(65a78532aed921b4491db0aaa3bd9394) Importer(815301076,1909f56bfc062723c751e8b465ee728b)
Start importing Assets/Game/UI/InventoryUI.prefab using Guid(65a78532aed921b4491db0aaa3bd9394) Importer(815301076,1909f56bfc062723c751e8b465ee728b)  -> (artifact id: '07bbe526ff5d9f4a191b9eced84b8ecd') in 0.007747 seconds 
========================================================================
Received Import Request.
  Time since last request: 8.065492 seconds.
  path: Assets/Game/UI/InventoryUI.prefab
  artifactKey: Guid(65a78532aed921b4491db0aaa3bd9394) Importer(815301076,1909f56bfc062723c751e8b465ee728b)
Start importing Assets/Game/UI/InventoryUI.prefab using Guid(65a78532aed921b4491db0aaa3bd9394) Importer(815301076,1909f56bfc062723c751e8b465ee728b)  -> (artifact id: '07d5575f64a8c239ccb27642c04707b0') in 0.006703 seconds 
========================================================================
Received Import Request.
  Time since last request: 3.825713 seconds.
  path: Assets/Game/UI/InventoryUI.prefab
  artifactKey: Guid(65a78532aed921b4491db0aaa3bd9394) Importer(815301076,1909f56bfc062723c751e8b465ee728b)
Start importing Assets/Game/UI/InventoryUI.prefab using Guid(65a78532aed921b4491db0aaa3bd9394) Importer(815301076,1909f56bfc062723c751e8b465ee728b)  -> (artifact id: 'dd6f8bb48b083f4ee38a0a46c1b4c94a') in 0.007392 seconds 
========================================================================
Received Import Request.
  Time since last request: 4.233959 seconds.
  path: Assets/Game/UI/InventoryUI.prefab
  artifactKey: Guid(65a78532aed921b4491db0aaa3bd9394) Importer(815301076,1909f56bfc062723c751e8b465ee728b)
Start importing Assets/Game/UI/InventoryUI.prefab using Guid(65a78532aed921b4491db0aaa3bd9394) Importer(815301076,1909f56bfc062723c751e8b465ee728b)  -> (artifact id: '1260b049884d47c610a1ee3418f427d3') in 0.007673 seconds 
========================================================================
Received Import Request.
  Time since last request: 7.639211 seconds.
  path: Assets/Game/UI/InventoryUI.prefab
  artifactKey: Guid(65a78532aed921b4491db0aaa3bd9394) Importer(815301076,1909f56bfc062723c751e8b465ee728b)
Start importing Assets/Game/UI/InventoryUI.prefab using Guid(65a78532aed921b4491db0aaa3bd9394) Importer(815301076,1909f56bfc062723c751e8b465ee728b)  -> (artifact id: '032dd6c5ae3e7c7c7c3d25da5ae6a7a6') in 0.007055 seconds 
========================================================================
Received Import Request.
  Time since last request: 6.648678 seconds.
  path: Assets/Game/UI/InventoryUI.prefab
  artifactKey: Guid(65a78532aed921b4491db0aaa3bd9394) Importer(815301076,1909f56bfc062723c751e8b465ee728b)
Start importing Assets/Game/UI/InventoryUI.prefab using Guid(65a78532aed921b4491db0aaa3bd9394) Importer(815301076,1909f56bfc062723c751e8b465ee728b)  -> (artifact id: '5d34a6622a8cd6c83db074df1a891d8c') in 0.007307 seconds 
========================================================================
Received Import Request.
  Time since last request: 6.445073 seconds.
  path: Assets/Game/UI/InventoryUI.prefab
  artifactKey: Guid(65a78532aed921b4491db0aaa3bd9394) Importer(815301076,1909f56bfc062723c751e8b465ee728b)
Start importing Assets/Game/UI/InventoryUI.prefab using Guid(65a78532aed921b4491db0aaa3bd9394) Importer(815301076,1909f56bfc062723c751e8b465ee728b)  -> (artifact id: '05db3fda50b2284ad1f9b79e29ccb4b5') in 0.007118 seconds 
========================================================================
Received Import Request.
  Time since last request: 9.498575 seconds.
  path: Assets/Game/UI/InventoryUI.prefab
  artifactKey: Guid(65a78532aed921b4491db0aaa3bd9394) Importer(815301076,1909f56bfc062723c751e8b465ee728b)
Start importing Assets/Game/UI/InventoryUI.prefab using Guid(65a78532aed921b4491db0aaa3bd9394) Importer(815301076,1909f56bfc062723c751e8b465ee728b)  -> (artifact id: '5f28429f8841a7723904fd8f6a2a09de') in 0.006466 seconds 
========================================================================
Received Import Request.
  Time since last request: 6.015322 seconds.
  path: Assets/Game/UI/InventoryUI.prefab
  artifactKey: Guid(65a78532aed921b4491db0aaa3bd9394) Importer(815301076,1909f56bfc062723c751e8b465ee728b)
Start importing Assets/Game/UI/InventoryUI.prefab using Guid(65a78532aed921b4491db0aaa3bd9394) Importer(815301076,1909f56bfc062723c751e8b465ee728b)  -> (artifact id: '67441cd85c4f7a125e1c789415cb5845') in 0.007214 seconds 
========================================================================
Received Import Request.
  Time since last request: 31.429560 seconds.
  path: Assets/Game/UI/InventoryUI.prefab
  artifactKey: Guid(65a78532aed921b4491db0aaa3bd9394) Importer(815301076,1909f56bfc062723c751e8b465ee728b)
Start importing Assets/Game/UI/InventoryUI.prefab using Guid(65a78532aed921b4491db0aaa3bd9394) Importer(815301076,1909f56bfc062723c751e8b465ee728b)  -> (artifact id: 'e05a069a64eb675f9461d814bfcf0611') in 0.006226 seconds 
========================================================================
Received Import Request.
  Time since last request: 1.826626 seconds.
  path: Assets/Game/UI/InventoryUI.prefab
  artifactKey: Guid(65a78532aed921b4491db0aaa3bd9394) Importer(815301076,1909f56bfc062723c751e8b465ee728b)
Start importing Assets/Game/UI/InventoryUI.prefab using Guid(65a78532aed921b4491db0aaa3bd9394) Importer(815301076,1909f56bfc062723c751e8b465ee728b)  -> (artifact id: 'b9b5f76cd0ad7a764ac96c88ad8d88db') in 0.009776 seconds 
========================================================================
Received Import Request.
  Time since last request: 3.022522 seconds.
  path: Assets/Game/UI/InventoryUI.prefab
  artifactKey: Guid(65a78532aed921b4491db0aaa3bd9394) Importer(815301076,1909f56bfc062723c751e8b465ee728b)
Start importing Assets/Game/UI/InventoryUI.prefab using Guid(65a78532aed921b4491db0aaa3bd9394) Importer(815301076,1909f56bfc062723c751e8b465ee728b)  -> (artifact id: '3aced852eed4beafbc7ecf580a7a487e') in 0.007128 seconds 
========================================================================
Received Import Request.
  Time since last request: 2.589021 seconds.
  path: Assets/Game/UI/InventoryUI.prefab
  artifactKey: Guid(65a78532aed921b4491db0aaa3bd9394) Importer(815301076,1909f56bfc062723c751e8b465ee728b)
Start importing Assets/Game/UI/InventoryUI.prefab using Guid(65a78532aed921b4491db0aaa3bd9394) Importer(815301076,1909f56bfc062723c751e8b465ee728b)  -> (artifact id: 'c5110580e0527fa80a58db7deb38fb4e') in 0.007232 seconds 
========================================================================
Received Import Request.
  Time since last request: 2.234611 seconds.
  path: Assets/Game/UI/InventoryUI.prefab
  artifactKey: Guid(65a78532aed921b4491db0aaa3bd9394) Importer(815301076,1909f56bfc062723c751e8b465ee728b)
Start importing Assets/Game/UI/InventoryUI.prefab using Guid(65a78532aed921b4491db0aaa3bd9394) Importer(815301076,1909f56bfc062723c751e8b465ee728b)  -> (artifact id: 'f458809641c772573c689c845566006d') in 0.006406 seconds 
========================================================================
Received Import Request.
  Time since last request: 8.543396 seconds.
  path: Assets/Game/UI/InventoryUI.prefab
  artifactKey: Guid(65a78532aed921b4491db0aaa3bd9394) Importer(815301076,1909f56bfc062723c751e8b465ee728b)
Start importing Assets/Game/UI/InventoryUI.prefab using Guid(65a78532aed921b4491db0aaa3bd9394) Importer(815301076,1909f56bfc062723c751e8b465ee728b)  -> (artifact id: '8a00cc30fbc08aee3a938d5e956067c5') in 0.012908 seconds 
========================================================================
Received Import Request.
  Time since last request: 5.559926 seconds.
  path: Assets/Game/UI/InventoryUI.prefab
  artifactKey: Guid(65a78532aed921b4491db0aaa3bd9394) Importer(815301076,1909f56bfc062723c751e8b465ee728b)
Start importing Assets/Game/UI/InventoryUI.prefab using Guid(65a78532aed921b4491db0aaa3bd9394) Importer(815301076,1909f56bfc062723c751e8b465ee728b)  -> (artifact id: '7db64a2e9d641b5bc36def1739c52e69') in 0.006972 seconds 
========================================================================
Received Import Request.
  Time since last request: 18.136986 seconds.
  path: Assets/Game/UI/InventoryUI.prefab
  artifactKey: Guid(65a78532aed921b4491db0aaa3bd9394) Importer(815301076,1909f56bfc062723c751e8b465ee728b)
Start importing Assets/Game/UI/InventoryUI.prefab using Guid(65a78532aed921b4491db0aaa3bd9394) Importer(815301076,1909f56bfc062723c751e8b465ee728b)  -> (artifact id: 'a956fed45135d7157daad1d0767d0a44') in 0.006913 seconds 
========================================================================
Received Import Request.
  Time since last request: 11.692168 seconds.
  path: Assets/Game/UI/InventoryUI.prefab
  artifactKey: Guid(65a78532aed921b4491db0aaa3bd9394) Importer(815301076,1909f56bfc062723c751e8b465ee728b)
Start importing Assets/Game/UI/InventoryUI.prefab using Guid(65a78532aed921b4491db0aaa3bd9394) Importer(815301076,1909f56bfc062723c751e8b465ee728b)  -> (artifact id: '14165eda8735fbdca540e1c10529b931') in 0.006393 seconds 
========================================================================
Received Import Request.
  Time since last request: 14.745094 seconds.
  path: Assets/Game/UI/InventoryUI.prefab
  artifactKey: Guid(65a78532aed921b4491db0aaa3bd9394) Importer(815301076,1909f56bfc062723c751e8b465ee728b)
Start importing Assets/Game/UI/InventoryUI.prefab using Guid(65a78532aed921b4491db0aaa3bd9394) Importer(815301076,1909f56bfc062723c751e8b465ee728b)  -> (artifact id: '2537daef3bb4934e9974d2606e5138f2') in 0.006866 seconds 
========================================================================
Received Import Request.
  Time since last request: 4.628359 seconds.
  path: Assets/Game/UI/InventoryUI.prefab
  artifactKey: Guid(65a78532aed921b4491db0aaa3bd9394) Importer(815301076,1909f56bfc062723c751e8b465ee728b)
Start importing Assets/Game/UI/InventoryUI.prefab using Guid(65a78532aed921b4491db0aaa3bd9394) Importer(815301076,1909f56bfc062723c751e8b465ee728b)  -> (artifact id: '3380cd7cd985118535b57215be6d9d47') in 0.010661 seconds 
========================================================================
Received Import Request.
  Time since last request: 12.485808 seconds.
  path: Assets/Game/UI/InventoryUI.prefab
  artifactKey: Guid(65a78532aed921b4491db0aaa3bd9394) Importer(815301076,1909f56bfc062723c751e8b465ee728b)
Start importing Assets/Game/UI/InventoryUI.prefab using Guid(65a78532aed921b4491db0aaa3bd9394) Importer(815301076,1909f56bfc062723c751e8b465ee728b)  -> (artifact id: 'fcb3707e240a17d03e4060c440930f9e') in 0.007110 seconds 
========================================================================
Received Import Request.
  Time since last request: 8.272042 seconds.
  path: Assets/Game/UI/InventoryUI.prefab
  artifactKey: Guid(65a78532aed921b4491db0aaa3bd9394) Importer(815301076,1909f56bfc062723c751e8b465ee728b)
Start importing Assets/Game/UI/InventoryUI.prefab using Guid(65a78532aed921b4491db0aaa3bd9394) Importer(815301076,1909f56bfc062723c751e8b465ee728b)  -> (artifact id: '1a7378781eef8f90cf1c4a0eb54c4c9f') in 0.006591 seconds 
========================================================================
Received Import Request.
  Time since last request: 25.620673 seconds.
  path: Assets/Game/UI/InventoryUI.prefab
  artifactKey: Guid(65a78532aed921b4491db0aaa3bd9394) Importer(815301076,1909f56bfc062723c751e8b465ee728b)
Start importing Assets/Game/UI/InventoryUI.prefab using Guid(65a78532aed921b4491db0aaa3bd9394) Importer(815301076,1909f56bfc062723c751e8b465ee728b)  -> (artifact id: '9ff93ba1bb8bd450b9e52d95143fcab8') in 0.006894 seconds 
========================================================================
Received Import Request.
  Time since last request: 8.658902 seconds.
  path: Assets/Game/UI/InventoryUI.prefab
  artifactKey: Guid(65a78532aed921b4491db0aaa3bd9394) Importer(815301076,1909f56bfc062723c751e8b465ee728b)
Start importing Assets/Game/UI/InventoryUI.prefab using Guid(65a78532aed921b4491db0aaa3bd9394) Importer(815301076,1909f56bfc062723c751e8b465ee728b)  -> (artifact id: '6e64af7e948c3391458eab30c855f7da') in 0.008847 seconds 
========================================================================
Received Import Request.
  Time since last request: 7.265083 seconds.
  path: Assets/Game/UI/InventoryUI.prefab
  artifactKey: Guid(65a78532aed921b4491db0aaa3bd9394) Importer(815301076,1909f56bfc062723c751e8b465ee728b)
Start importing Assets/Game/UI/InventoryUI.prefab using Guid(65a78532aed921b4491db0aaa3bd9394) Importer(815301076,1909f56bfc062723c751e8b465ee728b)  -> (artifact id: '434afeb2dff97d570154210ef6956f33') in 0.006481 seconds 
========================================================================
Received Import Request.
  Time since last request: 162.998748 seconds.
  path: Assets/Game/UI/InventoryUI.prefab
  artifactKey: Guid(65a78532aed921b4491db0aaa3bd9394) Importer(815301076,1909f56bfc062723c751e8b465ee728b)
Start importing Assets/Game/UI/InventoryUI.prefab using Guid(65a78532aed921b4491db0aaa3bd9394) Importer(815301076,1909f56bfc062723c751e8b465ee728b)  -> (artifact id: 'bc0654edb18056106f575928c59bbe26') in 0.007344 seconds 
========================================================================
Received Import Request.
  Time since last request: 16.909681 seconds.
  path: Assets/Game/UI/InventoryUI.prefab
  artifactKey: Guid(65a78532aed921b4491db0aaa3bd9394) Importer(815301076,1909f56bfc062723c751e8b465ee728b)
Start importing Assets/Game/UI/InventoryUI.prefab using Guid(65a78532aed921b4491db0aaa3bd9394) Importer(815301076,1909f56bfc062723c751e8b465ee728b)  -> (artifact id: '3264bc17504f383e936595d84abe9d17') in 0.006697 seconds 
========================================================================
Received Import Request.
  Time since last request: 9.865625 seconds.
  path: Assets/Game/UI/InventoryUI.prefab
  artifactKey: Guid(65a78532aed921b4491db0aaa3bd9394) Importer(815301076,1909f56bfc062723c751e8b465ee728b)
Start importing Assets/Game/UI/InventoryUI.prefab using Guid(65a78532aed921b4491db0aaa3bd9394) Importer(815301076,1909f56bfc062723c751e8b465ee728b)  -> (artifact id: '9cb5c89a8a7c53d23ed280ec444e6ce6') in 0.006746 seconds 
========================================================================
Received Import Request.
  Time since last request: 5.643037 seconds.
  path: Assets/Game/UI/InventoryUI.prefab
  artifactKey: Guid(65a78532aed921b4491db0aaa3bd9394) Importer(815301076,1909f56bfc062723c751e8b465ee728b)
Start importing Assets/Game/UI/InventoryUI.prefab using Guid(65a78532aed921b4491db0aaa3bd9394) Importer(815301076,1909f56bfc062723c751e8b465ee728b)  -> (artifact id: 'b96aa20b581b897a7e07fb8e82e327f8') in 0.007064 seconds 
========================================================================
Received Import Request.
  Time since last request: 2.406464 seconds.
  path: Assets/Game/UI/InventoryUI.prefab
  artifactKey: Guid(65a78532aed921b4491db0aaa3bd9394) Importer(815301076,1909f56bfc062723c751e8b465ee728b)
Start importing Assets/Game/UI/InventoryUI.prefab using Guid(65a78532aed921b4491db0aaa3bd9394) Importer(815301076,1909f56bfc062723c751e8b465ee728b)  -> (artifact id: 'a01bf98a1a7ee695dadc3cb08fbee925') in 0.006690 seconds 
========================================================================
Received Import Request.
  Time since last request: 4.855959 seconds.
  path: Assets/Game/UI/InventoryUI.prefab
  artifactKey: Guid(65a78532aed921b4491db0aaa3bd9394) Importer(815301076,1909f56bfc062723c751e8b465ee728b)
Start importing Assets/Game/UI/InventoryUI.prefab using Guid(65a78532aed921b4491db0aaa3bd9394) Importer(815301076,1909f56bfc062723c751e8b465ee728b)  -> (artifact id: '616adbfda01f7a56dc1286bb42b18ab7') in 0.006025 seconds 
========================================================================
Received Prepare
Registering precompiled user dll's ...
Registered in 0.036768 seconds.
Begin MonoManager ReloadAssembly
Symbol file LoadedFromMemory doesn't match image D:\UnitySpace\GithubProject\PokemonProject\Library\PackageCache\com.unity.visualscripting@1.7.8\Editor\VisualScripting.Core\Dependencies\YamlDotNet\Unity.VisualScripting.YamlDotNet.dll
Symbol file LoadedFromMemory doesn't match image D:\UnitySpace\GithubProject\PokemonProject\Library\PackageCache\com.unity.visualscripting@1.7.8\Editor\VisualScripting.Core\Dependencies\DotNetZip\Unity.VisualScripting.IonicZip.dll
Native extension for WindowsStandalone target not found
Refreshing native plugins compatible for Editor in 0.62 ms, found 4 plugins.
Preloading 0 native plugins for Editor in 0.00 ms.
Mono: successfully reloaded assembly
- Completed reload, in  0.752 seconds
Domain Reload Profiling:
	ReloadAssembly (753ms)
		BeginReloadAssembly (106ms)
			ExecutionOrderSort (0ms)
			DisableScriptedObjects (5ms)
			BackupInstance (0ms)
			ReleaseScriptingObjects (0ms)
			CreateAndSetChildDomain (38ms)
		EndReloadAssembly (582ms)
			LoadAssemblies (60ms)
			RebuildTransferFunctionScriptingTraits (0ms)
			SetupTypeCache (200ms)
			ReleaseScriptCaches (1ms)
			RebuildScriptCaches (34ms)
			SetupLoadedEditorAssemblies (232ms)
				LogAssemblyErrors (0ms)
				InitializePlatformSupportModulesInManaged (9ms)
				SetLoadedEditorAssemblies (0ms)
				RefreshPlugins (1ms)
				BeforeProcessingInitializeOnLoad (47ms)
				ProcessInitializeOnLoadAttributes (142ms)
				ProcessInitializeOnLoadMethodAttributes (28ms)
				AfterProcessingInitializeOnLoad (5ms)
				EditorAssembliesLoaded (0ms)
			ExecutionOrderSort2 (0ms)
			AwakeInstancesAfterBackupRestoration (6ms)
Platform modules already initialized, skipping
Refreshing native plugins compatible for Editor in 2.09 ms, found 4 plugins.
Preloading 0 native plugins for Editor in 0.00 ms.
Unloading 4122 Unused Serialized files (Serialized files now loaded: 0)
Unloading 38 unused Assets / (271.8 KB). Loaded Objects now: 4632.
Memory consumption went from 170.7 MB to 170.4 MB.
Total: 2.715900 ms (FindLiveObjects: 0.205400 ms CreateObjectMapping: 0.106900 ms MarkObjects: 2.240300 ms  DeleteObjects: 0.161800 ms)

AssetImportParameters requested are different than current active one (requested -> active):
  custom:video-decoder-ogg-theora: a1e56fd34408186e4bbccfd4996cb3dc -> 
  custom:container-muxer-webm: aa71ff27fc2769a1b78a27578f13a17b -> 
  custom:container-demuxer-webm: 4f35f7cbe854078d1ac9338744f61a02 -> 
  custom:video-encoder-webm-vp8: eb34c28f22e8b96e1ab97ce403110664 -> 
  custom:video-codec-MediaFoundation-h265: 746d11721c4dcdbdad8f713fa42b33f4 -> 
  custom:audio-encoder-webm-vorbis: bf7c407c2cedff20999df2af8eb42d56 -> 
  custom:framework-win-MediaFoundation: 216162199b28c13a410421893ffa2e32 -> 
  custom:container-demuxer-ogg: 62fdf1f143b41e24485cea50d1cbac27 -> 
  custom:video-decoder-webm-vp8: 9c59270c3fd7afecdb556c50c9e8de78 -> 
  custom:audio-decoder-ogg-vorbis: bf7c407c2cedff20999df2af8eb42d56 -> 
========================================================================
Received Import Request.
  Time since last request: 1806.940995 seconds.
  path: Assets/Game/UI/UI Canvas.prefab
  artifactKey: Guid(9b53b4f9d6f0c8442a3425bfc757a1d2) Importer(815301076,1909f56bfc062723c751e8b465ee728b)
Start importing Assets/Game/UI/UI Canvas.prefab using Guid(9b53b4f9d6f0c8442a3425bfc757a1d2) Importer(815301076,1909f56bfc062723c751e8b465ee728b)  -> (artifact id: '97e82e75b2ef6ffc0d53784aef9368e1') in 0.034505 seconds 
========================================================================
Received Import Request.
  Time since last request: 39.013813 seconds.
  path: Assets/Game/UI/InventoryUI.prefab
  artifactKey: Guid(65a78532aed921b4491db0aaa3bd9394) Importer(815301076,1909f56bfc062723c751e8b465ee728b)
Start importing Assets/Game/UI/InventoryUI.prefab using Guid(65a78532aed921b4491db0aaa3bd9394) Importer(815301076,1909f56bfc062723c751e8b465ee728b)  -> (artifact id: '5ab2c4bbc21c536761c56cdc0b0f8480') in 0.009075 seconds 
========================================================================
Received Prepare
Registering precompiled user dll's ...
Registered in 0.012099 seconds.
Begin MonoManager ReloadAssembly
Symbol file LoadedFromMemory doesn't match image D:\UnitySpace\GithubProject\PokemonProject\Library\PackageCache\com.unity.visualscripting@1.7.8\Editor\VisualScripting.Core\Dependencies\YamlDotNet\Unity.VisualScripting.YamlDotNet.dll
Symbol file LoadedFromMemory doesn't match image D:\UnitySpace\GithubProject\PokemonProject\Library\PackageCache\com.unity.visualscripting@1.7.8\Editor\VisualScripting.Core\Dependencies\DotNetZip\Unity.VisualScripting.IonicZip.dll
Native extension for WindowsStandalone target not found
Refreshing native plugins compatible for Editor in 0.71 ms, found 4 plugins.
Preloading 0 native plugins for Editor in 0.00 ms.
Mono: successfully reloaded assembly
- Completed reload, in  0.725 seconds
Domain Reload Profiling:
	ReloadAssembly (726ms)
		BeginReloadAssembly (96ms)
			ExecutionOrderSort (0ms)
			DisableScriptedObjects (4ms)
			BackupInstance (0ms)
			ReleaseScriptingObjects (0ms)
			CreateAndSetChildDomain (29ms)
		EndReloadAssembly (563ms)
			LoadAssemblies (64ms)
			RebuildTransferFunctionScriptingTraits (0ms)
			SetupTypeCache (175ms)
			ReleaseScriptCaches (1ms)
			RebuildScriptCaches (35ms)
			SetupLoadedEditorAssemblies (244ms)
				LogAssemblyErrors (0ms)
				InitializePlatformSupportModulesInManaged (9ms)
				SetLoadedEditorAssemblies (0ms)
				RefreshPlugins (1ms)
				BeforeProcessingInitializeOnLoad (51ms)
				ProcessInitializeOnLoadAttributes (145ms)
				ProcessInitializeOnLoadMethodAttributes (31ms)
				AfterProcessingInitializeOnLoad (7ms)
				EditorAssembliesLoaded (0ms)
			ExecutionOrderSort2 (0ms)
			AwakeInstancesAfterBackupRestoration (8ms)
Platform modules already initialized, skipping
Refreshing native plugins compatible for Editor in 2.44 ms, found 4 plugins.
Preloading 0 native plugins for Editor in 0.00 ms.
Unloading 4122 Unused Serialized files (Serialized files now loaded: 0)
Unloading 36 unused Assets / (192.6 KB). Loaded Objects now: 4635.
Memory consumption went from 170.6 MB to 170.4 MB.
Total: 2.580600 ms (FindLiveObjects: 0.206700 ms CreateObjectMapping: 0.102100 ms MarkObjects: 2.147600 ms  DeleteObjects: 0.123200 ms)

AssetImportParameters requested are different than current active one (requested -> active):
  custom:video-decoder-ogg-theora: a1e56fd34408186e4bbccfd4996cb3dc -> 
  custom:container-muxer-webm: aa71ff27fc2769a1b78a27578f13a17b -> 
  custom:container-demuxer-webm: 4f35f7cbe854078d1ac9338744f61a02 -> 
  custom:video-encoder-webm-vp8: eb34c28f22e8b96e1ab97ce403110664 -> 
  custom:video-codec-MediaFoundation-h265: 746d11721c4dcdbdad8f713fa42b33f4 -> 
  custom:audio-encoder-webm-vorbis: bf7c407c2cedff20999df2af8eb42d56 -> 
  custom:framework-win-MediaFoundation: 216162199b28c13a410421893ffa2e32 -> 
  custom:container-demuxer-ogg: 62fdf1f143b41e24485cea50d1cbac27 -> 
  custom:video-decoder-webm-vp8: 9c59270c3fd7afecdb556c50c9e8de78 -> 
  custom:audio-decoder-ogg-vorbis: bf7c407c2cedff20999df2af8eb42d56 -> 
========================================================================
Received Prepare
Registering precompiled user dll's ...
Registered in 0.009136 seconds.
Begin MonoManager ReloadAssembly
Symbol file LoadedFromMemory doesn't match image D:\UnitySpace\GithubProject\PokemonProject\Library\PackageCache\com.unity.visualscripting@1.7.8\Editor\VisualScripting.Core\Dependencies\YamlDotNet\Unity.VisualScripting.YamlDotNet.dll
Symbol file LoadedFromMemory doesn't match image D:\UnitySpace\GithubProject\PokemonProject\Library\PackageCache\com.unity.visualscripting@1.7.8\Editor\VisualScripting.Core\Dependencies\DotNetZip\Unity.VisualScripting.IonicZip.dll
Native extension for WindowsStandalone target not found
Refreshing native plugins compatible for Editor in 0.69 ms, found 4 plugins.
Preloading 0 native plugins for Editor in 0.00 ms.
Mono: successfully reloaded assembly
- Completed reload, in  0.750 seconds
Domain Reload Profiling:
	ReloadAssembly (751ms)
		BeginReloadAssembly (94ms)
			ExecutionOrderSort (0ms)
			DisableScriptedObjects (6ms)
			BackupInstance (0ms)
			ReleaseScriptingObjects (0ms)
			CreateAndSetChildDomain (27ms)
		EndReloadAssembly (581ms)
			LoadAssemblies (64ms)
			RebuildTransferFunctionScriptingTraits (0ms)
			SetupTypeCache (170ms)
			ReleaseScriptCaches (1ms)
			RebuildScriptCaches (37ms)
			SetupLoadedEditorAssemblies (264ms)
				LogAssemblyErrors (0ms)
				InitializePlatformSupportModulesInManaged (10ms)
				SetLoadedEditorAssemblies (0ms)
				RefreshPlugins (1ms)
				BeforeProcessingInitializeOnLoad (55ms)
				ProcessInitializeOnLoadAttributes (158ms)
				ProcessInitializeOnLoadMethodAttributes (35ms)
				AfterProcessingInitializeOnLoad (5ms)
				EditorAssembliesLoaded (0ms)
			ExecutionOrderSort2 (0ms)
			AwakeInstancesAfterBackupRestoration (7ms)
Platform modules already initialized, skipping
Refreshing native plugins compatible for Editor in 2.69 ms, found 4 plugins.
Preloading 0 native plugins for Editor in 0.00 ms.
Unloading 4122 Unused Serialized files (Serialized files now loaded: 0)
Unloading 33 unused Assets / (190.5 KB). Loaded Objects now: 4638.
Memory consumption went from 170.6 MB to 170.4 MB.
Total: 2.474600 ms (FindLiveObjects: 0.241800 ms CreateObjectMapping: 0.129600 ms MarkObjects: 1.981800 ms  DeleteObjects: 0.120600 ms)

AssetImportParameters requested are different than current active one (requested -> active):
  custom:video-decoder-ogg-theora: a1e56fd34408186e4bbccfd4996cb3dc -> 
  custom:container-muxer-webm: aa71ff27fc2769a1b78a27578f13a17b -> 
  custom:container-demuxer-webm: 4f35f7cbe854078d1ac9338744f61a02 -> 
  custom:video-encoder-webm-vp8: eb34c28f22e8b96e1ab97ce403110664 -> 
  custom:video-codec-MediaFoundation-h265: 746d11721c4dcdbdad8f713fa42b33f4 -> 
  custom:audio-encoder-webm-vorbis: bf7c407c2cedff20999df2af8eb42d56 -> 
  custom:framework-win-MediaFoundation: 216162199b28c13a410421893ffa2e32 -> 
  custom:container-demuxer-ogg: 62fdf1f143b41e24485cea50d1cbac27 -> 
  custom:video-decoder-webm-vp8: 9c59270c3fd7afecdb556c50c9e8de78 -> 
  custom:audio-decoder-ogg-vorbis: bf7c407c2cedff20999df2af8eb42d56 -> 
========================================================================
Received Prepare
Registering precompiled user dll's ...
Registered in 0.019005 seconds.
Begin MonoManager ReloadAssembly
Symbol file LoadedFromMemory doesn't match image D:\UnitySpace\GithubProject\PokemonProject\Library\PackageCache\com.unity.visualscripting@1.7.8\Editor\VisualScripting.Core\Dependencies\YamlDotNet\Unity.VisualScripting.YamlDotNet.dll
Symbol file LoadedFromMemory doesn't match image D:\UnitySpace\GithubProject\PokemonProject\Library\PackageCache\com.unity.visualscripting@1.7.8\Editor\VisualScripting.Core\Dependencies\DotNetZip\Unity.VisualScripting.IonicZip.dll
Native extension for WindowsStandalone target not found
Refreshing native plugins compatible for Editor in 0.67 ms, found 4 plugins.
Preloading 0 native plugins for Editor in 0.00 ms.
Mono: successfully reloaded assembly
- Completed reload, in  0.726 seconds
Domain Reload Profiling:
	ReloadAssembly (726ms)
		BeginReloadAssembly (110ms)
			ExecutionOrderSort (0ms)
			DisableScriptedObjects (6ms)
			BackupInstance (0ms)
			ReleaseScriptingObjects (0ms)
			CreateAndSetChildDomain (31ms)
		EndReloadAssembly (538ms)
			LoadAssemblies (74ms)
			RebuildTransferFunctionScriptingTraits (0ms)
			SetupTypeCache (173ms)
			ReleaseScriptCaches (1ms)
			RebuildScriptCaches (30ms)
			SetupLoadedEditorAssemblies (226ms)
				LogAssemblyErrors (0ms)
				InitializePlatformSupportModulesInManaged (9ms)
				SetLoadedEditorAssemblies (0ms)
				RefreshPlugins (1ms)
				BeforeProcessingInitializeOnLoad (48ms)
				ProcessInitializeOnLoadAttributes (136ms)
				ProcessInitializeOnLoadMethodAttributes (28ms)
				AfterProcessingInitializeOnLoad (5ms)
				EditorAssembliesLoaded (0ms)
			ExecutionOrderSort2 (0ms)
			AwakeInstancesAfterBackupRestoration (7ms)
Platform modules already initialized, skipping
Refreshing native plugins compatible for Editor in 2.20 ms, found 4 plugins.
Preloading 0 native plugins for Editor in 0.00 ms.
Unloading 4122 Unused Serialized files (Serialized files now loaded: 0)
Unloading 33 unused Assets / (191.7 KB). Loaded Objects now: 4641.
Memory consumption went from 170.7 MB to 170.5 MB.
Total: 2.783400 ms (FindLiveObjects: 0.199300 ms CreateObjectMapping: 0.103000 ms MarkObjects: 2.355400 ms  DeleteObjects: 0.124300 ms)

AssetImportParameters requested are different than current active one (requested -> active):
  custom:video-decoder-ogg-theora: a1e56fd34408186e4bbccfd4996cb3dc -> 
  custom:container-muxer-webm: aa71ff27fc2769a1b78a27578f13a17b -> 
  custom:container-demuxer-webm: 4f35f7cbe854078d1ac9338744f61a02 -> 
  custom:video-encoder-webm-vp8: eb34c28f22e8b96e1ab97ce403110664 -> 
  custom:video-codec-MediaFoundation-h265: 746d11721c4dcdbdad8f713fa42b33f4 -> 
  custom:audio-encoder-webm-vorbis: bf7c407c2cedff20999df2af8eb42d56 -> 
  custom:framework-win-MediaFoundation: 216162199b28c13a410421893ffa2e32 -> 
  custom:container-demuxer-ogg: 62fdf1f143b41e24485cea50d1cbac27 -> 
  custom:video-decoder-webm-vp8: 9c59270c3fd7afecdb556c50c9e8de78 -> 
  custom:audio-decoder-ogg-vorbis: bf7c407c2cedff20999df2af8eb42d56 -> 
========================================================================
Received Prepare
Registering precompiled user dll's ...
Registered in 0.011793 seconds.
Begin MonoManager ReloadAssembly
Symbol file LoadedFromMemory doesn't match image D:\UnitySpace\GithubProject\PokemonProject\Library\PackageCache\com.unity.visualscripting@1.7.8\Editor\VisualScripting.Core\Dependencies\YamlDotNet\Unity.VisualScripting.YamlDotNet.dll
Symbol file LoadedFromMemory doesn't match image D:\UnitySpace\GithubProject\PokemonProject\Library\PackageCache\com.unity.visualscripting@1.7.8\Editor\VisualScripting.Core\Dependencies\DotNetZip\Unity.VisualScripting.IonicZip.dll
Native extension for WindowsStandalone target not found
Refreshing native plugins compatible for Editor in 0.70 ms, found 4 plugins.
Preloading 0 native plugins for Editor in 0.00 ms.
Mono: successfully reloaded assembly
- Completed reload, in  0.747 seconds
Domain Reload Profiling:
	ReloadAssembly (747ms)
		BeginReloadAssembly (89ms)
			ExecutionOrderSort (0ms)
			DisableScriptedObjects (4ms)
			BackupInstance (0ms)
			ReleaseScriptingObjects (0ms)
			CreateAndSetChildDomain (23ms)
		EndReloadAssembly (587ms)
			LoadAssemblies (65ms)
			RebuildTransferFunctionScriptingTraits (0ms)
			SetupTypeCache (180ms)
			ReleaseScriptCaches (1ms)
			RebuildScriptCaches (36ms)
			SetupLoadedEditorAssemblies (253ms)
				LogAssemblyErrors (0ms)
				InitializePlatformSupportModulesInManaged (10ms)
				SetLoadedEditorAssemblies (0ms)
				RefreshPlugins (1ms)
				BeforeProcessingInitializeOnLoad (55ms)
				ProcessInitializeOnLoadAttributes (151ms)
				ProcessInitializeOnLoadMethodAttributes (31ms)
				AfterProcessingInitializeOnLoad (6ms)
				EditorAssembliesLoaded (0ms)
			ExecutionOrderSort2 (0ms)
			AwakeInstancesAfterBackupRestoration (8ms)
Platform modules already initialized, skipping
Refreshing native plugins compatible for Editor in 2.52 ms, found 4 plugins.
Preloading 0 native plugins for Editor in 0.00 ms.
Unloading 4122 Unused Serialized files (Serialized files now loaded: 0)
Unloading 33 unused Assets / (190.7 KB). Loaded Objects now: 4644.
Memory consumption went from 170.7 MB to 170.5 MB.
Total: 2.447400 ms (FindLiveObjects: 0.211100 ms CreateObjectMapping: 0.102200 ms MarkObjects: 2.012500 ms  DeleteObjects: 0.120800 ms)

AssetImportParameters requested are different than current active one (requested -> active):
  custom:video-decoder-ogg-theora: a1e56fd34408186e4bbccfd4996cb3dc -> 
  custom:container-muxer-webm: aa71ff27fc2769a1b78a27578f13a17b -> 
  custom:container-demuxer-webm: 4f35f7cbe854078d1ac9338744f61a02 -> 
  custom:video-encoder-webm-vp8: eb34c28f22e8b96e1ab97ce403110664 -> 
  custom:video-codec-MediaFoundation-h265: 746d11721c4dcdbdad8f713fa42b33f4 -> 
  custom:audio-encoder-webm-vorbis: bf7c407c2cedff20999df2af8eb42d56 -> 
  custom:framework-win-MediaFoundation: 216162199b28c13a410421893ffa2e32 -> 
  custom:container-demuxer-ogg: 62fdf1f143b41e24485cea50d1cbac27 -> 
  custom:video-decoder-webm-vp8: 9c59270c3fd7afecdb556c50c9e8de78 -> 
  custom:audio-decoder-ogg-vorbis: bf7c407c2cedff20999df2af8eb42d56 -> 
========================================================================
Received Prepare
Registering precompiled user dll's ...
Registered in 0.012793 seconds.
Begin MonoManager ReloadAssembly
Symbol file LoadedFromMemory doesn't match image D:\UnitySpace\GithubProject\PokemonProject\Library\PackageCache\com.unity.visualscripting@1.7.8\Editor\VisualScripting.Core\Dependencies\YamlDotNet\Unity.VisualScripting.YamlDotNet.dll
Symbol file LoadedFromMemory doesn't match image D:\UnitySpace\GithubProject\PokemonProject\Library\PackageCache\com.unity.visualscripting@1.7.8\Editor\VisualScripting.Core\Dependencies\DotNetZip\Unity.VisualScripting.IonicZip.dll
Native extension for WindowsStandalone target not found
Refreshing native plugins compatible for Editor in 0.68 ms, found 4 plugins.
Preloading 0 native plugins for Editor in 0.00 ms.
Mono: successfully reloaded assembly
- Completed reload, in  0.728 seconds
Domain Reload Profiling:
	ReloadAssembly (729ms)
		BeginReloadAssembly (90ms)
			ExecutionOrderSort (0ms)
			DisableScriptedObjects (4ms)
			BackupInstance (0ms)
			ReleaseScriptingObjects (0ms)
			CreateAndSetChildDomain (25ms)
		EndReloadAssembly (571ms)
			LoadAssemblies (70ms)
			RebuildTransferFunctionScriptingTraits (0ms)
			SetupTypeCache (163ms)
			ReleaseScriptCaches (1ms)
			RebuildScriptCaches (33ms)
			SetupLoadedEditorAssemblies (257ms)
				LogAssemblyErrors (0ms)
				InitializePlatformSupportModulesInManaged (9ms)
				SetLoadedEditorAssemblies (0ms)
				RefreshPlugins (1ms)
				BeforeProcessingInitializeOnLoad (53ms)
				ProcessInitializeOnLoadAttributes (154ms)
				ProcessInitializeOnLoadMethodAttributes (33ms)
				AfterProcessingInitializeOnLoad (6ms)
				EditorAssembliesLoaded (0ms)
			ExecutionOrderSort2 (0ms)
			AwakeInstancesAfterBackupRestoration (7ms)
Platform modules already initialized, skipping
Refreshing native plugins compatible for Editor in 2.77 ms, found 4 plugins.
Preloading 0 native plugins for Editor in 0.00 ms.
Unloading 4122 Unused Serialized files (Serialized files now loaded: 0)
Unloading 33 unused Assets / (190.5 KB). Loaded Objects now: 4647.
Memory consumption went from 170.7 MB to 170.5 MB.
Total: 2.683700 ms (FindLiveObjects: 0.202900 ms CreateObjectMapping: 0.140500 ms MarkObjects: 2.223900 ms  DeleteObjects: 0.115500 ms)

AssetImportParameters requested are different than current active one (requested -> active):
  custom:video-decoder-ogg-theora: a1e56fd34408186e4bbccfd4996cb3dc -> 
  custom:container-muxer-webm: aa71ff27fc2769a1b78a27578f13a17b -> 
  custom:container-demuxer-webm: 4f35f7cbe854078d1ac9338744f61a02 -> 
  custom:video-encoder-webm-vp8: eb34c28f22e8b96e1ab97ce403110664 -> 
  custom:video-codec-MediaFoundation-h265: 746d11721c4dcdbdad8f713fa42b33f4 -> 
  custom:audio-encoder-webm-vorbis: bf7c407c2cedff20999df2af8eb42d56 -> 
  custom:framework-win-MediaFoundation: 216162199b28c13a410421893ffa2e32 -> 
  custom:container-demuxer-ogg: 62fdf1f143b41e24485cea50d1cbac27 -> 
  custom:video-decoder-webm-vp8: 9c59270c3fd7afecdb556c50c9e8de78 -> 
  custom:audio-decoder-ogg-vorbis: bf7c407c2cedff20999df2af8eb42d56 -> 
========================================================================
Received Prepare
Registering precompiled user dll's ...
Registered in 0.024604 seconds.
Begin MonoManager ReloadAssembly
Symbol file LoadedFromMemory doesn't match image D:\UnitySpace\GithubProject\PokemonProject\Library\PackageCache\com.unity.visualscripting@1.7.8\Editor\VisualScripting.Core\Dependencies\YamlDotNet\Unity.VisualScripting.YamlDotNet.dll
Symbol file LoadedFromMemory doesn't match image D:\UnitySpace\GithubProject\PokemonProject\Library\PackageCache\com.unity.visualscripting@1.7.8\Editor\VisualScripting.Core\Dependencies\DotNetZip\Unity.VisualScripting.IonicZip.dll
Native extension for WindowsStandalone target not found
Refreshing native plugins compatible for Editor in 0.74 ms, found 4 plugins.
Preloading 0 native plugins for Editor in 0.00 ms.
Mono: successfully reloaded assembly
- Completed reload, in  0.728 seconds
Domain Reload Profiling:
	ReloadAssembly (728ms)
		BeginReloadAssembly (100ms)
			ExecutionOrderSort (0ms)
			DisableScriptedObjects (4ms)
			BackupInstance (0ms)
			ReleaseScriptingObjects (0ms)
			CreateAndSetChildDomain (27ms)
		EndReloadAssembly (546ms)
			LoadAssemblies (68ms)
			RebuildTransferFunctionScriptingTraits (0ms)
			SetupTypeCache (170ms)
			ReleaseScriptCaches (1ms)
			RebuildScriptCaches (33ms)
			SetupLoadedEditorAssemblies (236ms)
				LogAssemblyErrors (0ms)
				InitializePlatformSupportModulesInManaged (9ms)
				SetLoadedEditorAssemblies (0ms)
				RefreshPlugins (1ms)
				BeforeProcessingInitializeOnLoad (51ms)
				ProcessInitializeOnLoadAttributes (140ms)
				ProcessInitializeOnLoadMethodAttributes (28ms)
				AfterProcessingInitializeOnLoad (7ms)
				EditorAssembliesLoaded (0ms)
			ExecutionOrderSort2 (0ms)
			AwakeInstancesAfterBackupRestoration (8ms)
Platform modules already initialized, skipping
Refreshing native plugins compatible for Editor in 2.09 ms, found 4 plugins.
Preloading 0 native plugins for Editor in 0.00 ms.
Unloading 4122 Unused Serialized files (Serialized files now loaded: 0)
Unloading 33 unused Assets / (191.6 KB). Loaded Objects now: 4650.
Memory consumption went from 170.7 MB to 170.5 MB.
Total: 2.672000 ms (FindLiveObjects: 0.186800 ms CreateObjectMapping: 0.094800 ms MarkObjects: 2.272200 ms  DeleteObjects: 0.117100 ms)

AssetImportParameters requested are different than current active one (requested -> active):
  custom:video-decoder-ogg-theora: a1e56fd34408186e4bbccfd4996cb3dc -> 
  custom:container-muxer-webm: aa71ff27fc2769a1b78a27578f13a17b -> 
  custom:container-demuxer-webm: 4f35f7cbe854078d1ac9338744f61a02 -> 
  custom:video-encoder-webm-vp8: eb34c28f22e8b96e1ab97ce403110664 -> 
  custom:video-codec-MediaFoundation-h265: 746d11721c4dcdbdad8f713fa42b33f4 -> 
  custom:audio-encoder-webm-vorbis: bf7c407c2cedff20999df2af8eb42d56 -> 
  custom:framework-win-MediaFoundation: 216162199b28c13a410421893ffa2e32 -> 
  custom:container-demuxer-ogg: 62fdf1f143b41e24485cea50d1cbac27 -> 
  custom:video-decoder-webm-vp8: 9c59270c3fd7afecdb556c50c9e8de78 -> 
  custom:audio-decoder-ogg-vorbis: bf7c407c2cedff20999df2af8eb42d56 -> 
========================================================================
Received Prepare
Registering precompiled user dll's ...
Registered in 0.011679 seconds.
Begin MonoManager ReloadAssembly
Symbol file LoadedFromMemory doesn't match image D:\UnitySpace\GithubProject\PokemonProject\Library\PackageCache\com.unity.visualscripting@1.7.8\Editor\VisualScripting.Core\Dependencies\YamlDotNet\Unity.VisualScripting.YamlDotNet.dll
Symbol file LoadedFromMemory doesn't match image D:\UnitySpace\GithubProject\PokemonProject\Library\PackageCache\com.unity.visualscripting@1.7.8\Editor\VisualScripting.Core\Dependencies\DotNetZip\Unity.VisualScripting.IonicZip.dll
Native extension for WindowsStandalone target not found
Refreshing native plugins compatible for Editor in 0.62 ms, found 4 plugins.
Preloading 0 native plugins for Editor in 0.00 ms.
Mono: successfully reloaded assembly
- Completed reload, in  0.765 seconds
Domain Reload Profiling:
	ReloadAssembly (765ms)
		BeginReloadAssembly (92ms)
			ExecutionOrderSort (0ms)
			DisableScriptedObjects (5ms)
			BackupInstance (0ms)
			ReleaseScriptingObjects (0ms)
			CreateAndSetChildDomain (24ms)
		EndReloadAssembly (601ms)
			LoadAssemblies (67ms)
			RebuildTransferFunctionScriptingTraits (0ms)
			SetupTypeCache (184ms)
			ReleaseScriptCaches (1ms)
			RebuildScriptCaches (41ms)
			SetupLoadedEditorAssemblies (262ms)
				LogAssemblyErrors (0ms)
				InitializePlatformSupportModulesInManaged (9ms)
				SetLoadedEditorAssemblies (0ms)
				RefreshPlugins (1ms)
				BeforeProcessingInitializeOnLoad (57ms)
				ProcessInitializeOnLoadAttributes (155ms)
				ProcessInitializeOnLoadMethodAttributes (33ms)
				AfterProcessingInitializeOnLoad (6ms)
				EditorAssembliesLoaded (0ms)
			ExecutionOrderSort2 (0ms)
			AwakeInstancesAfterBackupRestoration (8ms)
Platform modules already initialized, skipping
Refreshing native plugins compatible for Editor in 2.46 ms, found 4 plugins.
Preloading 0 native plugins for Editor in 0.00 ms.
Unloading 4122 Unused Serialized files (Serialized files now loaded: 0)
Unloading 33 unused Assets / (190.4 KB). Loaded Objects now: 4653.
Memory consumption went from 170.7 MB to 170.5 MB.
Total: 2.567500 ms (FindLiveObjects: 0.205300 ms CreateObjectMapping: 0.111300 ms MarkObjects: 2.127200 ms  DeleteObjects: 0.122800 ms)

AssetImportParameters requested are different than current active one (requested -> active):
  custom:video-decoder-ogg-theora: a1e56fd34408186e4bbccfd4996cb3dc -> 
  custom:container-muxer-webm: aa71ff27fc2769a1b78a27578f13a17b -> 
  custom:container-demuxer-webm: 4f35f7cbe854078d1ac9338744f61a02 -> 
  custom:video-encoder-webm-vp8: eb34c28f22e8b96e1ab97ce403110664 -> 
  custom:video-codec-MediaFoundation-h265: 746d11721c4dcdbdad8f713fa42b33f4 -> 
  custom:audio-encoder-webm-vorbis: bf7c407c2cedff20999df2af8eb42d56 -> 
  custom:framework-win-MediaFoundation: 216162199b28c13a410421893ffa2e32 -> 
  custom:container-demuxer-ogg: 62fdf1f143b41e24485cea50d1cbac27 -> 
  custom:video-decoder-webm-vp8: 9c59270c3fd7afecdb556c50c9e8de78 -> 
  custom:audio-decoder-ogg-vorbis: bf7c407c2cedff20999df2af8eb42d56 -> 
========================================================================
Received Prepare
Registering precompiled user dll's ...
Registered in 0.010590 seconds.
Begin MonoManager ReloadAssembly
Symbol file LoadedFromMemory doesn't match image D:\UnitySpace\GithubProject\PokemonProject\Library\PackageCache\com.unity.visualscripting@1.7.8\Editor\VisualScripting.Core\Dependencies\YamlDotNet\Unity.VisualScripting.YamlDotNet.dll
Symbol file LoadedFromMemory doesn't match image D:\UnitySpace\GithubProject\PokemonProject\Library\PackageCache\com.unity.visualscripting@1.7.8\Editor\VisualScripting.Core\Dependencies\DotNetZip\Unity.VisualScripting.IonicZip.dll
Native extension for WindowsStandalone target not found
Refreshing native plugins compatible for Editor in 0.69 ms, found 4 plugins.
Preloading 0 native plugins for Editor in 0.00 ms.
Mono: successfully reloaded assembly
- Completed reload, in  0.751 seconds
Domain Reload Profiling:
	ReloadAssembly (751ms)
		BeginReloadAssembly (108ms)
			ExecutionOrderSort (0ms)
			DisableScriptedObjects (5ms)
			BackupInstance (0ms)
			ReleaseScriptingObjects (0ms)
			CreateAndSetChildDomain (32ms)
		EndReloadAssembly (562ms)
			LoadAssemblies (105ms)
			RebuildTransferFunctionScriptingTraits (0ms)
			SetupTypeCache (145ms)
			ReleaseScriptCaches (1ms)
			RebuildScriptCaches (29ms)
			SetupLoadedEditorAssemblies (249ms)
				LogAssemblyErrors (0ms)
				InitializePlatformSupportModulesInManaged (8ms)
				SetLoadedEditorAssemblies (0ms)
				RefreshPlugins (1ms)
				BeforeProcessingInitializeOnLoad (51ms)
				ProcessInitializeOnLoadAttributes (151ms)
				ProcessInitializeOnLoadMethodAttributes (32ms)
				AfterProcessingInitializeOnLoad (5ms)
				EditorAssembliesLoaded (0ms)
			ExecutionOrderSort2 (0ms)
			AwakeInstancesAfterBackupRestoration (7ms)
Platform modules already initialized, skipping
Refreshing native plugins compatible for Editor in 2.04 ms, found 4 plugins.
Preloading 0 native plugins for Editor in 0.00 ms.
Unloading 4122 Unused Serialized files (Serialized files now loaded: 0)
Unloading 33 unused Assets / (190.7 KB). Loaded Objects now: 4656.
Memory consumption went from 170.7 MB to 170.5 MB.
Total: 2.765600 ms (FindLiveObjects: 0.234000 ms CreateObjectMapping: 0.114400 ms MarkObjects: 2.283300 ms  DeleteObjects: 0.131900 ms)

AssetImportParameters requested are different than current active one (requested -> active):
  custom:video-decoder-ogg-theora: a1e56fd34408186e4bbccfd4996cb3dc -> 
  custom:container-muxer-webm: aa71ff27fc2769a1b78a27578f13a17b -> 
  custom:container-demuxer-webm: 4f35f7cbe854078d1ac9338744f61a02 -> 
  custom:video-encoder-webm-vp8: eb34c28f22e8b96e1ab97ce403110664 -> 
  custom:video-codec-MediaFoundation-h265: 746d11721c4dcdbdad8f713fa42b33f4 -> 
  custom:audio-encoder-webm-vorbis: bf7c407c2cedff20999df2af8eb42d56 -> 
  custom:framework-win-MediaFoundation: 216162199b28c13a410421893ffa2e32 -> 
  custom:container-demuxer-ogg: 62fdf1f143b41e24485cea50d1cbac27 -> 
  custom:video-decoder-webm-vp8: 9c59270c3fd7afecdb556c50c9e8de78 -> 
  custom:audio-decoder-ogg-vorbis: bf7c407c2cedff20999df2af8eb42d56 -> 
========================================================================
Received Prepare
Registering precompiled user dll's ...
Registered in 0.010555 seconds.
Begin MonoManager ReloadAssembly
Symbol file LoadedFromMemory doesn't match image D:\UnitySpace\GithubProject\PokemonProject\Library\PackageCache\com.unity.visualscripting@1.7.8\Editor\VisualScripting.Core\Dependencies\YamlDotNet\Unity.VisualScripting.YamlDotNet.dll
Symbol file LoadedFromMemory doesn't match image D:\UnitySpace\GithubProject\PokemonProject\Library\PackageCache\com.unity.visualscripting@1.7.8\Editor\VisualScripting.Core\Dependencies\DotNetZip\Unity.VisualScripting.IonicZip.dll
Native extension for WindowsStandalone target not found
Refreshing native plugins compatible for Editor in 0.70 ms, found 4 plugins.
Preloading 0 native plugins for Editor in 0.00 ms.
Mono: successfully reloaded assembly
- Completed reload, in  0.762 seconds
Domain Reload Profiling:
	ReloadAssembly (763ms)
		BeginReloadAssembly (98ms)
			ExecutionOrderSort (0ms)
			DisableScriptedObjects (5ms)
			BackupInstance (0ms)
			ReleaseScriptingObjects (0ms)
			CreateAndSetChildDomain (26ms)
		EndReloadAssembly (596ms)
			LoadAssemblies (67ms)
			RebuildTransferFunctionScriptingTraits (0ms)
			SetupTypeCache (187ms)
			ReleaseScriptCaches (1ms)
			RebuildScriptCaches (36ms)
			SetupLoadedEditorAssemblies (259ms)
				LogAssemblyErrors (0ms)
				InitializePlatformSupportModulesInManaged (10ms)
				SetLoadedEditorAssemblies (0ms)
				RefreshPlugins (1ms)
				BeforeProcessingInitializeOnLoad (60ms)
				ProcessInitializeOnLoadAttributes (151ms)
				ProcessInitializeOnLoadMethodAttributes (30ms)
				AfterProcessingInitializeOnLoad (7ms)
				EditorAssembliesLoaded (0ms)
			ExecutionOrderSort2 (0ms)
			AwakeInstancesAfterBackupRestoration (8ms)
Platform modules already initialized, skipping
Refreshing native plugins compatible for Editor in 2.71 ms, found 4 plugins.
Preloading 0 native plugins for Editor in 0.00 ms.
Unloading 4122 Unused Serialized files (Serialized files now loaded: 0)
Unloading 33 unused Assets / (190.6 KB). Loaded Objects now: 4659.
Memory consumption went from 170.7 MB to 170.5 MB.
Total: 2.682900 ms (FindLiveObjects: 0.207300 ms CreateObjectMapping: 0.107200 ms MarkObjects: 2.247800 ms  DeleteObjects: 0.120000 ms)

AssetImportParameters requested are different than current active one (requested -> active):
  custom:video-decoder-ogg-theora: a1e56fd34408186e4bbccfd4996cb3dc -> 
  custom:container-muxer-webm: aa71ff27fc2769a1b78a27578f13a17b -> 
  custom:container-demuxer-webm: 4f35f7cbe854078d1ac9338744f61a02 -> 
  custom:video-encoder-webm-vp8: eb34c28f22e8b96e1ab97ce403110664 -> 
  custom:video-codec-MediaFoundation-h265: 746d11721c4dcdbdad8f713fa42b33f4 -> 
  custom:audio-encoder-webm-vorbis: bf7c407c2cedff20999df2af8eb42d56 -> 
  custom:framework-win-MediaFoundation: 216162199b28c13a410421893ffa2e32 -> 
  custom:container-demuxer-ogg: 62fdf1f143b41e24485cea50d1cbac27 -> 
  custom:video-decoder-webm-vp8: 9c59270c3fd7afecdb556c50c9e8de78 -> 
  custom:audio-decoder-ogg-vorbis: bf7c407c2cedff20999df2af8eb42d56 -> 
